<?xml version="1.0" encoding="UTF-8"?>
<testng-results ignored="0" total="1" passed="1" failed="0" skipped="0">
  <reporter-output>
  </reporter-output>
  <suite started-at="2023-10-26T00:17:03 IST" name="Suite" finished-at="2023-10-26T00:17:10 IST" duration-ms="6489">
    <groups>
    </groups>
    <test started-at="2023-10-26T00:17:03 IST" name="Test" finished-at="2023-10-26T00:17:10 IST" duration-ms="6489">
      <class name="TestDrive.SiginPageTest">
        <test-method is-config="true" signature="Startup()[pri:0, instance:TestDrive.SiginPageTest@5b6ec132]" started-at="2023-10-26T00:17:03 IST" name="Startup" finished-at="2023-10-26T00:17:06 IST" duration-ms="2570" status="PASS">
          <reporter-output>
          </reporter-output>
        </test-method> <!-- Startup -->
        <test-method signature="Login()[pri:0, instance:TestDrive.SiginPageTest@5b6ec132]" started-at="2023-10-26T00:17:06 IST" name="Login" finished-at="2023-10-26T00:17:07 IST" duration-ms="608" status="PASS">
          <reporter-output>
          </reporter-output>
        </test-method> <!-- Login -->
        <test-method is-config="true" signature="Closeup()[pri:0, instance:TestDrive.SiginPageTest@5b6ec132]" started-at="2023-10-26T00:17:07 IST" name="Closeup" finished-at="2023-10-26T00:17:10 IST" duration-ms="3271" status="PASS">
          <reporter-output>
          </reporter-output>
        </test-method> <!-- Closeup -->
      </class> <!-- TestDrive.SiginPageTest -->
    </test> <!-- Test -->
  </suite> <!-- Suite -->
</testng-results>
